<?xml version="1.0" encoding="UTF-8"?>
<!-- Generated by org.testng.reporters.JUnitXMLReporter -->
<testsuite hostname="BLR-P7108625" name="Default test" tests="3" failures="0" timestamp="9 Aug 2018 07:40:11 GMT" time="0.822" errors="0">
  <testcase name="failTest" time="0.016" classname="commonutility.ExtentReportsClass"/>
  <testcase name="passTest" time="0.004" classname="commonutility.ExtentReportsClass"/>
  <testcase name="skipTest" time="0.002" classname="commonutility.ExtentReportsClass">
    <skipped/>
  </testcase> <!-- skipTest -->
</testsuite> <!-- Default test -->
