<?xml version="1.0" encoding="UTF-8"?>
<testng-results skipped="0" failed="0" total="1" passed="1">
  <reporter-output>
  </reporter-output>
  <suite name="Suite" duration-ms="106302" started-at="2018-10-19T12:01:55Z" finished-at="2018-10-19T12:03:41Z">
    <groups>
      <group name="cucumber">
        <method signature="AbstractTestNGCucumberTests.feature(cucumber.api.testng.CucumberFeatureWrapper)[pri:0, instance:com.triangleScenarios.TestRunner@3a883ce7]" name="feature" class="cucumber.api.testng.AbstractTestNGCucumberTests"/>
      </group> <!-- cucumber -->
    </groups>
    <test name="Test" duration-ms="106302" started-at="2018-10-19T12:01:55Z" finished-at="2018-10-19T12:03:41Z">
      <class name="com.triangleScenarios.TestRunner">
        <test-method status="PASS" signature="beforeSuite()[pri:0, instance:com.triangleScenarios.TestRunner@3a883ce7]" name="beforeSuite" is-config="true" duration-ms="203" started-at="2018-10-19T17:31:54Z" finished-at="2018-10-19T17:31:55Z">
          <reporter-output>
          </reporter-output>
        </test-method> <!-- beforeSuite -->
        <test-method status="PASS" signature="setUpClass()[pri:0, instance:com.triangleScenarios.TestRunner@3a883ce7]" name="setUpClass" is-config="true" duration-ms="358" started-at="2018-10-19T17:31:55Z" finished-at="2018-10-19T17:31:55Z">
          <reporter-output>
          </reporter-output>
        </test-method> <!-- setUpClass -->
        <test-method status="PASS" signature="beforeMethod(java.lang.reflect.Method)[pri:0, instance:com.triangleScenarios.TestRunner@3a883ce7]" name="beforeMethod" is-config="true" duration-ms="5" started-at="2018-10-19T17:31:55Z" finished-at="2018-10-19T17:31:55Z">
          <params>
            <param index="0">
              <value>
                <![CDATA[public void cucumber.api.testng.AbstractTestNGCucumberTests.feature(cucumber.api.testng.CucumberFeatureWrapper)]]>
              </value>
            </param>
          </params>
          <reporter-output>
          </reporter-output>
        </test-method> <!-- beforeMethod -->
        <test-method status="PASS" signature="feature(cucumber.api.testng.CucumberFeatureWrapper)[pri:0, instance:com.triangleScenarios.TestRunner@3a883ce7]" name="feature" duration-ms="105307" started-at="2018-10-19T17:31:55Z" description="Runs Cucumber Feature" data-provider="features" finished-at="2018-10-19T17:33:40Z">
          <params>
            <param index="0">
              <value>
                <![CDATA[Hybris Account Verification]]>
              </value>
            </param>
          </params>
          <reporter-output>
          </reporter-output>
        </test-method> <!-- feature -->
        <test-method status="PASS" signature="afterMethod()[pri:0, instance:com.triangleScenarios.TestRunner@3a883ce7]" name="afterMethod" is-config="true" duration-ms="4" started-at="2018-10-19T17:33:40Z" finished-at="2018-10-19T17:33:40Z">
          <reporter-output>
          </reporter-output>
        </test-method> <!-- afterMethod -->
        <test-method status="PASS" signature="tearDownClass()[pri:0, instance:com.triangleScenarios.TestRunner@3a883ce7]" name="tearDownClass" is-config="true" duration-ms="489" started-at="2018-10-19T17:33:40Z" finished-at="2018-10-19T17:33:41Z">
          <reporter-output>
          </reporter-output>
        </test-method> <!-- tearDownClass -->
        <test-method status="PASS" signature="afterSuite()[pri:0, instance:com.triangleScenarios.TestRunner@3a883ce7]" name="afterSuite" is-config="true" duration-ms="164" started-at="2018-10-19T17:33:41Z" finished-at="2018-10-19T17:33:41Z">
          <reporter-output>
          </reporter-output>
        </test-method> <!-- afterSuite -->
      </class> <!-- com.triangleScenarios.TestRunner -->
    </test> <!-- Test -->
  </suite> <!-- Suite -->
</testng-results>
